<?xml version="1.0" encoding="UTF-8"?>
<!-- Generated by org.testng.reporters.JUnitXMLReporter -->
<testsuite hostname="LAPTOP-B6AQQ5SB" ignored="0" name="骑手端测试结果" tests="13" failures="0" timestamp="2019-12-14T15:10:31 GMT+08:00" time="7.623" errors="0">
  <testcase name="getBills" time="1.514" classname="com.xiaoxin.gdata.data.test.rider.redirSetPageTest"/>
  <testcase name="getSch" time="0.445" classname="com.xiaoxin.gdata.data.test.rider.redirSetPageTest"/>
  <testcase name="queryHistroyOrder" time="0.46" classname="com.xiaoxin.gdata.data.test.rider.redirSetPageTest"/>
  <testcase name="checkNewOrder" time="0.812" classname="com.xiaoxin.gdata.data.test.rider.riderStakeFormPageTest"/>
  <testcase name="getImpatInfo" time="0.462" classname="com.xiaoxin.gdata.data.test.rider.riderStakeFormPageTest"/>
  <testcase name="getSumMoney" time="0.454" classname="com.xiaoxin.gdata.data.test.rider.riderStakeFormPageTest"/>
  <testcase name="initRiderCode" time="0.372" classname="com.xiaoxin.gdata.data.test.rider.riderStakeFormPageTest"/>
  <testcase name="insertLocation" time="0.49" classname="com.xiaoxin.gdata.data.test.rider.riderStakeFormPageTest"/>
  <testcase name="queryGrabList" time="0.544" classname="com.xiaoxin.gdata.data.test.rider.riderStakeFormPageTest"/>
  <testcase name="queryPszOrder" time="0.718" classname="com.xiaoxin.gdata.data.test.rider.riderStakeFormPageTest"/>
  <testcase name="queryWaitOrder" time="0.417" classname="com.xiaoxin.gdata.data.test.rider.riderStakeFormPageTest"/>
  <testcase name="sysMobile" time="0.508" classname="com.xiaoxin.gdata.data.test.rider.riderStakeFormPageTest"/>
  <testcase name="updateRiderStatus" time="0.374" classname="com.xiaoxin.gdata.data.test.rider.riderStakeFormPageTest"/>
</testsuite> <!-- 骑手端测试结果 -->
