<?xml version="1.0" encoding="UTF-8"?>
<testsuite name="骑手端测试结果"
           tests="10"
           failures="0"
           errors="0"
           skipped="0"
           time="5.098">
  <properties />
  
  
            <testcase name="queryGrabList" time="0.469" classname="com.xiaoxin.gdata.data.test.rider.riderStakeFormPageTest" />
                <testcase name="getImpatInfo" time="0.463" classname="com.xiaoxin.gdata.data.test.rider.riderStakeFormPageTest" />
                <testcase name="updateRiderStatus" time="0.350" classname="com.xiaoxin.gdata.data.test.rider.riderStakeFormPageTest" />
                <testcase name="queryWaitOrder" time="0.500" classname="com.xiaoxin.gdata.data.test.rider.riderStakeFormPageTest" />
                <testcase name="queryPszOrder" time="0.459" classname="com.xiaoxin.gdata.data.test.rider.riderStakeFormPageTest" />
                <testcase name="sysMobile" time="0.427" classname="com.xiaoxin.gdata.data.test.rider.riderStakeFormPageTest" />
                <testcase name="insertLocation" time="0.454" classname="com.xiaoxin.gdata.data.test.rider.riderStakeFormPageTest" />
                <testcase name="checkNewOrder" time="1.117" classname="com.xiaoxin.gdata.data.test.rider.riderStakeFormPageTest" />
                <testcase name="getSumMoney" time="0.419" classname="com.xiaoxin.gdata.data.test.rider.riderStakeFormPageTest" />
                <testcase name="initRiderCode" time="0.440" classname="com.xiaoxin.gdata.data.test.rider.riderStakeFormPageTest" />
      
</testsuite>
