<?xml version="1.0" encoding="UTF-8"?>
<testsuite name="骑手端测试结果"
           tests="10"
           failures="0"
           errors="0"
           skipped="0"
           time="4.915">
  <properties />
  
  
            <testcase name="sysMobile" time="0.431" classname="com.xiaoxin.gdata.data.test.qa.rider.riderStakeFormPageTest" />
                <testcase name="initRiderCode" time="0.457" classname="com.xiaoxin.gdata.data.test.qa.rider.riderStakeFormPageTest" />
                <testcase name="getSumMoney" time="0.419" classname="com.xiaoxin.gdata.data.test.qa.rider.riderStakeFormPageTest" />
                <testcase name="queryPszOrder" time="0.381" classname="com.xiaoxin.gdata.data.test.qa.rider.riderStakeFormPageTest" />
                <testcase name="queryGrabList" time="0.586" classname="com.xiaoxin.gdata.data.test.qa.rider.riderStakeFormPageTest" />
                <testcase name="queryWaitOrder" time="0.451" classname="com.xiaoxin.gdata.data.test.qa.rider.riderStakeFormPageTest" />
                <testcase name="updateRiderStatus" time="0.391" classname="com.xiaoxin.gdata.data.test.qa.rider.riderStakeFormPageTest" />
                <testcase name="getImpatInfo" time="0.657" classname="com.xiaoxin.gdata.data.test.qa.rider.riderStakeFormPageTest" />
                <testcase name="checkNewOrder" time="0.716" classname="com.xiaoxin.gdata.data.test.qa.rider.riderStakeFormPageTest" />
                <testcase name="insertLocation" time="0.426" classname="com.xiaoxin.gdata.data.test.qa.rider.riderStakeFormPageTest" />
      
</testsuite>
