<?xml version="1.0" encoding="UTF-8"?>
<testsuite name="骑手端测试结果"
           tests="3"
           failures="0"
           errors="0"
           skipped="0"
           time="1.927">
  <properties />
  
  
            <testcase name="getSch" time="0.438" classname="com.xiaoxin.gdata.data.test.rider.redirSetPageTest" />
                <testcase name="getBills" time="1.058" classname="com.xiaoxin.gdata.data.test.rider.redirSetPageTest" />
                <testcase name="queryHistroyOrder" time="0.431" classname="com.xiaoxin.gdata.data.test.rider.redirSetPageTest" />
      
</testsuite>
