<?xml version="1.0" encoding="UTF-8"?>
<testsuite name="骑手端测试结果"
           tests="10"
           failures="0"
           errors="0"
           skipped="0"
           time="5.596">
  <properties />
  
  
            <testcase name="updateRiderStatus" time="0.493" classname="com.xiaoxin.gdata.data.test.rider.riderStakeFormPageTest" />
                <testcase name="getImpatInfo" time="0.557" classname="com.xiaoxin.gdata.data.test.rider.riderStakeFormPageTest" />
                <testcase name="getSumMoney" time="0.449" classname="com.xiaoxin.gdata.data.test.rider.riderStakeFormPageTest" />
                <testcase name="queryPszOrder" time="0.451" classname="com.xiaoxin.gdata.data.test.rider.riderStakeFormPageTest" />
                <testcase name="insertLocation" time="0.423" classname="com.xiaoxin.gdata.data.test.rider.riderStakeFormPageTest" />
                <testcase name="queryWaitOrder" time="0.444" classname="com.xiaoxin.gdata.data.test.rider.riderStakeFormPageTest" />
                <testcase name="queryGrabList" time="0.569" classname="com.xiaoxin.gdata.data.test.rider.riderStakeFormPageTest" />
                <testcase name="initRiderCode" time="0.499" classname="com.xiaoxin.gdata.data.test.rider.riderStakeFormPageTest" />
                <testcase name="checkNewOrder" time="0.958" classname="com.xiaoxin.gdata.data.test.rider.riderStakeFormPageTest" />
                <testcase name="sysMobile" time="0.753" classname="com.xiaoxin.gdata.data.test.rider.riderStakeFormPageTest" />
      
</testsuite>
