<?xml version="1.0" encoding="UTF-8"?>
<testsuite name="骑手端测试结果"
           tests="3"
           failures="0"
           errors="0"
           skipped="0"
           time="2.992">
  <properties />
  
  
            <testcase name="getBills" time="1.460" classname="com.xiaoxin.gdata.data.test.rider.redirSetPageTest" />
                <testcase name="getSch" time="0.610" classname="com.xiaoxin.gdata.data.test.rider.redirSetPageTest" />
                <testcase name="queryHistroyOrder" time="0.922" classname="com.xiaoxin.gdata.data.test.rider.redirSetPageTest" />
      
</testsuite>
