<?xml version="1.0" encoding="UTF-8"?>
<testsuite name="骑手端测试结果"
           tests="3"
           failures="0"
           errors="0"
           skipped="0"
           time="2.451">
  <properties />
  
  
            <testcase name="queryHistroyOrder" time="0.427" classname="com.xiaoxin.gdata.data.test.qa.rider.redirSetPageTest" />
                <testcase name="getSch" time="0.419" classname="com.xiaoxin.gdata.data.test.qa.rider.redirSetPageTest" />
                <testcase name="getBills" time="1.605" classname="com.xiaoxin.gdata.data.test.qa.rider.redirSetPageTest" />
      
</testsuite>
