<?xml version="1.0" encoding="UTF-8"?>
<testng-results skipped="0" failed="0" ignored="0" total="13" passed="13">
  <reporter-output>
  </reporter-output>
  <suite name="Suite" duration-ms="10103" started-at="2019-12-24T13:22:49 GMT+08:00" finished-at="2019-12-24T13:22:59 GMT+08:00">
    <groups>
    </groups>
    <test name="骑手端测试结果" duration-ms="10103" started-at="2019-12-24T13:22:49 GMT+08:00" finished-at="2019-12-24T13:22:59 GMT+08:00">
      <class name="com.xiaoxin.gdata.data.test.qa.rider.redirSetPageTest">
        <test-method status="PASS" signature="getBills()[pri:0, instance:com.xiaoxin.gdata.data.test.qa.rider.redirSetPageTest@16aa0a0a]" name="getBills" duration-ms="2581" started-at="2019-12-24T13:22:49 GMT+08:00" finished-at="2019-12-24T13:22:51 GMT+08:00">
          <reporter-output>
          </reporter-output>
        </test-method> <!-- getBills -->
        <test-method status="PASS" signature="getSch()[pri:0, instance:com.xiaoxin.gdata.data.test.qa.rider.redirSetPageTest@16aa0a0a]" name="getSch" duration-ms="441" started-at="2019-12-24T13:22:51 GMT+08:00" finished-at="2019-12-24T13:22:52 GMT+08:00">
          <reporter-output>
          </reporter-output>
        </test-method> <!-- getSch -->
        <test-method status="PASS" signature="queryHistroyOrder()[pri:0, instance:com.xiaoxin.gdata.data.test.qa.rider.redirSetPageTest@16aa0a0a]" name="queryHistroyOrder" duration-ms="498" started-at="2019-12-24T13:22:52 GMT+08:00" finished-at="2019-12-24T13:22:52 GMT+08:00">
          <reporter-output>
          </reporter-output>
        </test-method> <!-- queryHistroyOrder -->
      </class> <!-- com.xiaoxin.gdata.data.test.qa.rider.redirSetPageTest -->
      <class name="com.xiaoxin.gdata.data.test.qa.rider.riderStakeFormPageTest">
        <test-method status="PASS" signature="checkNewOrder()[pri:0, instance:com.xiaoxin.gdata.data.test.qa.rider.riderStakeFormPageTest@780cb77]" name="checkNewOrder" duration-ms="762" started-at="2019-12-24T13:22:52 GMT+08:00" finished-at="2019-12-24T13:22:53 GMT+08:00">
          <reporter-output>
          </reporter-output>
        </test-method> <!-- checkNewOrder -->
        <test-method status="PASS" signature="getImpatInfo()[pri:0, instance:com.xiaoxin.gdata.data.test.qa.rider.riderStakeFormPageTest@780cb77]" name="getImpatInfo" duration-ms="458" started-at="2019-12-24T13:22:53 GMT+08:00" finished-at="2019-12-24T13:22:53 GMT+08:00">
          <reporter-output>
          </reporter-output>
        </test-method> <!-- getImpatInfo -->
        <test-method status="PASS" signature="getSumMoney()[pri:0, instance:com.xiaoxin.gdata.data.test.qa.rider.riderStakeFormPageTest@780cb77]" name="getSumMoney" duration-ms="450" started-at="2019-12-24T13:22:53 GMT+08:00" finished-at="2019-12-24T13:22:54 GMT+08:00">
          <reporter-output>
          </reporter-output>
        </test-method> <!-- getSumMoney -->
        <test-method status="PASS" signature="initRiderCode()[pri:0, instance:com.xiaoxin.gdata.data.test.qa.rider.riderStakeFormPageTest@780cb77]" name="initRiderCode" duration-ms="785" started-at="2019-12-24T13:22:54 GMT+08:00" finished-at="2019-12-24T13:22:55 GMT+08:00">
          <reporter-output>
          </reporter-output>
        </test-method> <!-- initRiderCode -->
        <test-method status="PASS" signature="insertLocation()[pri:0, instance:com.xiaoxin.gdata.data.test.qa.rider.riderStakeFormPageTest@780cb77]" name="insertLocation" duration-ms="953" started-at="2019-12-24T13:22:55 GMT+08:00" finished-at="2019-12-24T13:22:56 GMT+08:00">
          <reporter-output>
          </reporter-output>
        </test-method> <!-- insertLocation -->
        <test-method status="PASS" signature="queryGrabList()[pri:0, instance:com.xiaoxin.gdata.data.test.qa.rider.riderStakeFormPageTest@780cb77]" name="queryGrabList" duration-ms="610" started-at="2019-12-24T13:22:56 GMT+08:00" finished-at="2019-12-24T13:22:56 GMT+08:00">
          <reporter-output>
          </reporter-output>
        </test-method> <!-- queryGrabList -->
        <test-method status="PASS" signature="queryPszOrder()[pri:0, instance:com.xiaoxin.gdata.data.test.qa.rider.riderStakeFormPageTest@780cb77]" name="queryPszOrder" duration-ms="430" started-at="2019-12-24T13:22:56 GMT+08:00" finished-at="2019-12-24T13:22:57 GMT+08:00">
          <reporter-output>
          </reporter-output>
        </test-method> <!-- queryPszOrder -->
        <test-method status="PASS" signature="queryWaitOrder()[pri:0, instance:com.xiaoxin.gdata.data.test.qa.rider.riderStakeFormPageTest@780cb77]" name="queryWaitOrder" duration-ms="1180" started-at="2019-12-24T13:22:57 GMT+08:00" finished-at="2019-12-24T13:22:58 GMT+08:00">
          <reporter-output>
          </reporter-output>
        </test-method> <!-- queryWaitOrder -->
        <test-method status="PASS" signature="sysMobile()[pri:0, instance:com.xiaoxin.gdata.data.test.qa.rider.riderStakeFormPageTest@780cb77]" name="sysMobile" duration-ms="463" started-at="2019-12-24T13:22:58 GMT+08:00" finished-at="2019-12-24T13:22:58 GMT+08:00">
          <reporter-output>
          </reporter-output>
        </test-method> <!-- sysMobile -->
        <test-method status="PASS" signature="updateRiderStatus()[pri:0, instance:com.xiaoxin.gdata.data.test.qa.rider.riderStakeFormPageTest@780cb77]" name="updateRiderStatus" duration-ms="464" started-at="2019-12-24T13:22:58 GMT+08:00" finished-at="2019-12-24T13:22:59 GMT+08:00">
          <reporter-output>
          </reporter-output>
        </test-method> <!-- updateRiderStatus -->
      </class> <!-- com.xiaoxin.gdata.data.test.qa.rider.riderStakeFormPageTest -->
    </test> <!-- 骑手端测试结果 -->
  </suite> <!-- Suite -->
</testng-results>
